Base path: 'C:/Program Files/Unity/Hub/Editor/2019.4.12f1/Editor/Data', plugins path 'C:/Program Files/Unity/Hub/Editor/2019.4.12f1/Editor/Data/PlaybackEngines'
Cmd: initializeCompiler
Cmd: compileComputeKernel
  api=4 insize=16804 outsize=8237 ok=1
Cmd: compileComputeKernel
  api=4 insize=7570 outsize=583 ok=1
Cmd: compileComputeKernel
  api=4 insize=9615 outsize=4297 ok=1
Cmd: compileComputeKernel
  api=4 insize=4528 outsize=3183 ok=1
Cmd: compileComputeKernel
  api=4 insize=9809 outsize=7389 ok=1
Cmd: compileComputeKernel
  api=4 insize=9809 outsize=6289 ok=1
Cmd: compileComputeKernel
  api=4 insize=17994 outsize=8303 ok=1
Cmd: compileComputeKernel
  api=4 insize=4823 outsize=662 ok=1
Cmd: compileComputeKernel
  api=4 insize=4823 outsize=3427 ok=1
Cmd: compileComputeKernel
  api=4 insize=2770 outsize=2186 ok=1
Cmd: compileComputeKernel
  api=4 insize=14139 outsize=2201 ok=1
Cmd: compileComputeKernel
  api=4 insize=14139 outsize=1100 ok=1
Cmd: compileComputeKernel
  api=4 insize=11086 outsize=4192 ok=1
Cmd: compileComputeKernel
  api=4 insize=3111 outsize=2047 ok=1
Cmd: compileComputeKernel
  api=4 insize=40264 outsize=40234 ok=1
Cmd: compileComputeKernel
  api=4 insize=40264 outsize=35783 ok=1
Cmd: compileComputeKernel
  api=4 insize=40264 outsize=37115 ok=1
Cmd: compileComputeKernel
  api=4 insize=3450 outsize=1164 ok=1
Cmd: compileComputeKernel
  api=4 insize=22295 outsize=14720 ok=1
Cmd: compileComputeKernel
  api=4 insize=22295 outsize=15906 ok=1
Cmd: compileComputeKernel
  api=4 insize=11494 outsize=257 ok=1
Cmd: compileComputeKernel
  api=4 insize=9735 outsize=8301 ok=1
Cmd: compileComputeKernel
  api=4 insize=7840 outsize=8036 ok=1
Cmd: compileComputeKernel
  api=4 insize=8233 outsize=5777 ok=1
Cmd: compileComputeKernel
  api=4 insize=22339 outsize=1157 ok=1
Cmd: compileComputeKernel
  api=4 insize=6119 outsize=2518 ok=1
Cmd: compileComputeKernel
  api=4 insize=6745 outsize=3022 ok=1
Cmd: compileComputeKernel
  api=4 insize=6745 outsize=764 ok=1
Cmd: compileComputeKernel
  api=4 insize=6745 outsize=919 ok=1
Cmd: compileComputeKernel
  api=4 insize=8512 outsize=2100 ok=1
Cmd: compileComputeKernel
  api=4 insize=9103 outsize=4256 ok=1
Cmd: compileComputeKernel
  api=4 insize=9103 outsize=4225 ok=1
Cmd: compileComputeKernel
  api=4 insize=26542 outsize=15415 ok=1
Cmd: compileComputeKernel
  api=4 insize=26542 outsize=324 ok=1
Cmd: compileComputeKernel
  api=4 insize=16295 outsize=100894 ok=1
Cmd: compileComputeKernel
  api=4 insize=16295 outsize=79447 ok=1
Cmd: compileComputeKernel
  api=4 insize=16295 outsize=51293 ok=1
Cmd: compileComputeKernel
  api=4 insize=16295 outsize=37654 ok=1
Cmd: compileComputeKernel
  api=4 insize=16295 outsize=45153 ok=1
Cmd: compileComputeKernel
  api=4 insize=16295 outsize=50487 ok=1
Cmd: compileComputeKernel
  api=4 insize=16295 outsize=35897 ok=1
Cmd: compileComputeKernel
  api=4 insize=16295 outsize=60338 ok=1
Cmd: compileComputeKernel
  api=4 insize=16295 outsize=36177 ok=1
Cmd: compileComputeKernel
  api=4 insize=3697 outsize=4319 ok=1
Cmd: compileComputeKernel
  api=4 insize=3922 outsize=4173 ok=1
Cmd: compileComputeKernel
  api=4 insize=28593 outsize=426 ok=1
Cmd: compileComputeKernel
  api=4 insize=28593 outsize=1036 ok=1
Cmd: compileComputeKernel
  api=4 insize=1207 outsize=893 ok=1
Cmd: compileComputeKernel
  api=4 insize=1977 outsize=2732 ok=1
Cmd: compileComputeKernel
  api=4 insize=3714 outsize=2561 ok=1
Cmd: compileComputeKernel
  api=4 insize=7589 outsize=1128 ok=1
Cmd: compileComputeKernel
  api=4 insize=13959 outsize=3986 ok=1
Cmd: compileComputeKernel
  api=4 insize=10587 outsize=3155 ok=1
Cmd: compileComputeKernel
  api=4 insize=10587 outsize=1413 ok=1
Cmd: compileComputeKernel
  api=4 insize=10587 outsize=7759 ok=1
Cmd: compileSnippet
  api=4 type=0 insize=7919 outsize=1726 kw=DECALS_3RT pd=UNITY_ENABLE_REFLECTION_BUFFERS UNITY_USE_DITHER_MASK_FOR_ALPHABLENDED_SHADOWS UNITY_PBS_USE_BRDF1 UNITY_SPECCUBE_BOX_PROJECTION UNITY_SPECCUBE_BLENDING UNITY_ENABLE_DETAIL_NORMALMAP SHADER_API_DESKTOP UNITY_LIGHT_PROBE_PROXY_VOLUME UNITY_LIGHTMAP_FULL_HDR ok=1
Cmd: compileSnippet
  api=4 type=1 insize=7919 outsize=5702 kw=DECALS_3RT pd=UNITY_ENABLE_REFLECTION_BUFFERS UNITY_USE_DITHER_MASK_FOR_ALPHABLENDED_SHADOWS UNITY_PBS_USE_BRDF1 UNITY_SPECCUBE_BOX_PROJECTION UNITY_SPECCUBE_BLENDING UNITY_ENABLE_DETAIL_NORMALMAP SHADER_API_DESKTOP UNITY_LIGHT_PROBE_PROXY_VOLUME UNITY_LIGHTMAP_FULL_HDR ok=1
Cmd: compileSnippet
  api=4 type=1 insize=8987 outsize=99774 kw=_SURFACE_TYPE_TRANSPARENT DECALS_3RT SHADOW_MEDIUM USE_CLUSTERED_LIGHTLIST _DOUBLESIDED_ON _REFRACTION_SPHERE _NORMALMAP_TANGENT_SPACE _BLENDMODE_ALPHA _BLENDMODE_PRESERVE_SPECULAR_LIGHTING _ENABLE_FOG_ON_TRANSPARENT _MATERIAL_FEATURE_IRIDESCENCE pd=UNITY_ENABLE_REFLECTION_BUFFERS UNITY_USE_DITHER_MASK_FOR_ALPHABLENDED_SHADOWS UNITY_PBS_USE_BRDF1 UNITY_SPECCUBE_BOX_PROJECTION UNITY_SPECCUBE_BLENDING UNITY_ENABLE_DETAIL_NORMALMAP SHADER_API_DESKTOP UNITY_LIGHT_PROBE_PROXY_VOLUME UNITY_LIGHTMAP_FULL_HDR ok=1
